<?xml version="1.0" encoding="UTF-8"?>
<!-- Generated by org.testng.reporters.JUnitXMLReporter -->
<testsuite hostname="srinivas" name="Test" tests="2" failures="1" timestamp="20 Oct 2016 09:37:35 GMT" time="36.262" errors="0">
  <testcase name="gmailLoin" time="16.164" classname="com.fusion.dataDriven.DDgmailLoin"/>
  <testcase name="gmailLoin" time="8.922" classname="com.fusion.dataDriven.DDgmailLoin">
    <failure type="org.junit.ComparisonFailure" message="expected:&amp;lt;Gma[]&amp;gt; but was:&amp;lt;Gma[il]&amp;gt;">
      <![CDATA[org.junit.ComparisonFailure: expected:<Gma[]> but was:<Gma[il]>
	at org.junit.Assert.assertEquals(Assert.java:125)
	at org.junit.Assert.assertEquals(Assert.java:147)
	at com.fusion.dataDriven.GmainAssertions.AssertEqualsg(GmainAssertions.java:10)
	at com.fusion.dataDriven.DDgmailLoin.gmailLoin(DDgmailLoin.java:62)
... Removed 24 stack frames]]>
    </failure>
  </testcase> <!-- gmailLoin -->
</testsuite> <!-- Test -->
